<?xml version="1.0" encoding="utf-8"?><testsuites><testsuite name="pytest" errors="0" failures="0" skipped="0" tests="4" time="0.021" timestamp="2022-08-16T10:46:52.749706" hostname="archlinux"><testcase classname="tests.test_pytest" name="test_when_number_recive_1_then_must_return_rabbit" time="0.001" /><testcase classname="tests.test_pytest" name="test_when_number_recive_2_then_must_return_rabbit" time="0.000" /><testcase classname="tests.test_pytest" name="test_when_number_recive_3_then_must_return_rabbit" time="0.000" /><testcase classname="tests.test_pytest" name="test_when_number_recive_4_then_must_return_dog" time="0.000" /></testsuite></testsuites>